<?xml version="1.0" encoding="UTF-8"?>
<!-- Generated by org.testng.reporters.JUnitXMLReporter -->
<testsuite ignored="0" hostname="Prabuddhika-PC" failures="0" tests="6" name="Command line test" time="96.357" errors="0" timestamp="13 Jul 2023 08:29:44 GMT">
  <testcase classname="com.automationdemo.testcases.HomePageTest" name="homePageTaskLinkTest" time="8.849"/>
  <testcase classname="com.automationdemo.testcases.LogonPageTest" name="loginPageLogoTest" time="0.127"/>
  <testcase classname="com.automationdemo.testcases.UsersPageTest" name="loginPageLogoTest" time="0.589"/>
  <testcase classname="com.automationdemo.testcases.HomePageTest" name="homePageUserLinkTest" time="7.64"/>
  <testcase classname="com.automationdemo.testcases.LogonPageTest" name="LoginTest" time="0.544"/>
  <testcase classname="com.automationdemo.testcases.LogonPageTest" name="LoginTest" time="0.541"/>
</testsuite> <!-- Command line test -->
