<?xml version="1.0" encoding="UTF-8"?>
<testng-results ignored="0" total="6" passed="6" failed="0" skipped="0">
  <reporter-output>
  </reporter-output>
  <suite started-at="2023-07-13T08:28:08Z" name="Command line suite" finished-at="2023-07-13T08:29:44Z" duration-ms="96357">
    <groups>
    </groups>
    <test started-at="2023-07-13T08:28:08Z" name="Command line test" finished-at="2023-07-13T08:29:44Z" duration-ms="96357">
      <class name="com.automationdemo.testcases.LogonPageTest">
        <test-method is-config="true" signature="seup()[pri:0, instance:com.automationdemo.testcases.LogonPageTest@1990a65e]" started-at="2023-07-13T08:28:37Z" name="seup" finished-at="2023-07-13T08:28:47Z" duration-ms="10112" status="PASS">
          <reporter-output>
          </reporter-output>
        </test-method> <!-- seup -->
        <test-method signature="loginPageLogoTest()[pri:1, instance:com.automationdemo.testcases.LogonPageTest@1990a65e]" started-at="2023-07-13T08:28:47Z" name="loginPageLogoTest" finished-at="2023-07-13T08:28:47Z" duration-ms="127" status="PASS">
          <reporter-output>
          </reporter-output>
        </test-method> <!-- loginPageLogoTest -->
        <test-method is-config="true" signature="tearDown()[pri:0, instance:com.automationdemo.testcases.LogonPageTest@1990a65e]" started-at="2023-07-13T08:28:47Z" name="tearDown" finished-at="2023-07-13T08:28:47Z" duration-ms="435" status="PASS">
          <reporter-output>
          </reporter-output>
        </test-method> <!-- tearDown -->
        <test-method is-config="true" signature="seup()[pri:0, instance:com.automationdemo.testcases.LogonPageTest@1990a65e]" started-at="2023-07-13T08:29:27Z" name="seup" finished-at="2023-07-13T08:29:35Z" duration-ms="7449" status="PASS">
          <reporter-output>
          </reporter-output>
        </test-method> <!-- seup -->
        <test-method signature="LoginTest(java.lang.String, java.lang.String)[pri:2, instance:com.automationdemo.testcases.LogonPageTest@1990a65e]" started-at="2023-07-13T08:29:35Z" name="LoginTest" data-provider="getactiTimeTestData" finished-at="2023-07-13T08:29:35Z" duration-ms="544" status="PASS">
          <params>
            <param index="0">
              <value>
                <![CDATA[admin]]>
              </value>
            </param>
            <param index="1">
              <value>
                <![CDATA[manager]]>
              </value>
            </param>
          </params>
          <reporter-output>
          </reporter-output>
        </test-method> <!-- LoginTest -->
        <test-method is-config="true" signature="tearDown()[pri:0, instance:com.automationdemo.testcases.LogonPageTest@1990a65e]" started-at="2023-07-13T08:29:35Z" name="tearDown" finished-at="2023-07-13T08:29:35Z" duration-ms="328" status="PASS">
          <reporter-output>
          </reporter-output>
        </test-method> <!-- tearDown -->
        <test-method is-config="true" signature="seup()[pri:0, instance:com.automationdemo.testcases.LogonPageTest@1990a65e]" started-at="2023-07-13T08:29:35Z" name="seup" finished-at="2023-07-13T08:29:43Z" duration-ms="8032" status="PASS">
          <reporter-output>
          </reporter-output>
        </test-method> <!-- seup -->
        <test-method signature="LoginTest(java.lang.String, java.lang.String)[pri:2, instance:com.automationdemo.testcases.LogonPageTest@1990a65e]" started-at="2023-07-13T08:29:43Z" name="LoginTest" data-provider="getactiTimeTestData" finished-at="2023-07-13T08:29:44Z" duration-ms="541" status="PASS">
          <params>
            <param index="0">
              <value>
                <![CDATA[trainee]]>
              </value>
            </param>
            <param index="1">
              <value>
                <![CDATA[trainee]]>
              </value>
            </param>
          </params>
          <reporter-output>
          </reporter-output>
        </test-method> <!-- LoginTest -->
        <test-method is-config="true" signature="tearDown()[pri:0, instance:com.automationdemo.testcases.LogonPageTest@1990a65e]" started-at="2023-07-13T08:29:44Z" name="tearDown" finished-at="2023-07-13T08:29:44Z" duration-ms="296" status="PASS">
          <reporter-output>
          </reporter-output>
        </test-method> <!-- tearDown -->
      </class> <!-- com.automationdemo.testcases.LogonPageTest -->
      <class name="com.automationdemo.testcases.UsersPageTest">
        <test-method is-config="true" signature="seup()[pri:0, instance:com.automationdemo.testcases.UsersPageTest@64485a47]" started-at="2023-07-13T08:28:47Z" name="seup" finished-at="2023-07-13T08:29:07Z" duration-ms="19398" status="PASS">
          <reporter-output>
          </reporter-output>
        </test-method> <!-- seup -->
        <test-method signature="loginPageLogoTest()[pri:1, instance:com.automationdemo.testcases.UsersPageTest@64485a47]" started-at="2023-07-13T08:29:07Z" name="loginPageLogoTest" finished-at="2023-07-13T08:29:07Z" duration-ms="589" status="PASS">
          <reporter-output>
          </reporter-output>
        </test-method> <!-- loginPageLogoTest -->
        <test-method is-config="true" signature="tearDown()[pri:0, instance:com.automationdemo.testcases.UsersPageTest@64485a47]" started-at="2023-07-13T08:29:07Z" name="tearDown" finished-at="2023-07-13T08:29:08Z" duration-ms="298" status="PASS">
          <reporter-output>
          </reporter-output>
        </test-method> <!-- tearDown -->
      </class> <!-- com.automationdemo.testcases.UsersPageTest -->
      <class name="com.automationdemo.testcases.HomePageTest">
        <test-method is-config="true" signature="seup()[pri:0, instance:com.automationdemo.testcases.HomePageTest@782663d3]" started-at="2023-07-13T08:28:08Z" name="seup" finished-at="2023-07-13T08:28:27Z" duration-ms="19406" status="PASS">
          <reporter-output>
          </reporter-output>
        </test-method> <!-- seup -->
        <test-method signature="homePageTaskLinkTest()[pri:1, instance:com.automationdemo.testcases.HomePageTest@782663d3]" started-at="2023-07-13T08:28:27Z" name="homePageTaskLinkTest" finished-at="2023-07-13T08:28:36Z" duration-ms="8849" status="PASS">
          <reporter-output>
          </reporter-output>
        </test-method> <!-- homePageTaskLinkTest -->
        <test-method is-config="true" signature="tearDown()[pri:0, instance:com.automationdemo.testcases.HomePageTest@782663d3]" started-at="2023-07-13T08:28:36Z" name="tearDown" finished-at="2023-07-13T08:28:37Z" duration-ms="489" status="PASS">
          <reporter-output>
          </reporter-output>
        </test-method> <!-- tearDown -->
        <test-method is-config="true" signature="seup()[pri:0, instance:com.automationdemo.testcases.HomePageTest@782663d3]" started-at="2023-07-13T08:29:08Z" name="seup" finished-at="2023-07-13T08:29:17Z" duration-ms="9019" status="PASS">
          <reporter-output>
          </reporter-output>
        </test-method> <!-- seup -->
        <test-method signature="homePageUserLinkTest()[pri:2, instance:com.automationdemo.testcases.HomePageTest@782663d3]" started-at="2023-07-13T08:29:17Z" name="homePageUserLinkTest" finished-at="2023-07-13T08:29:24Z" duration-ms="7640" status="PASS">
          <reporter-output>
          </reporter-output>
        </test-method> <!-- homePageUserLinkTest -->
        <test-method is-config="true" signature="tearDown()[pri:0, instance:com.automationdemo.testcases.HomePageTest@782663d3]" started-at="2023-07-13T08:29:24Z" name="tearDown" finished-at="2023-07-13T08:29:25Z" duration-ms="348" status="PASS">
          <reporter-output>
          </reporter-output>
        </test-method> <!-- tearDown -->
      </class> <!-- com.automationdemo.testcases.HomePageTest -->
    </test> <!-- Command line test -->
  </suite> <!-- Command line suite -->
</testng-results>
